2026-07-12T12:24:01.958Z [INFO] GET / 200 3ms
2026-07-13T16:31:34.251Z [INFO] GET / 200 3ms
2026-07-13T16:32:33.764Z [INFO] GET /api/docs 301 3ms
2026-07-13T16:32:33.768Z [INFO] GET /api/docs/ 200 2ms
2026-07-13T16:32:33.801Z [INFO] GET /api/docs/swagger-ui-init.js 200 1ms
2026-07-13T16:32:33.806Z [INFO] GET /api/docs/swagger-ui.css 200 11ms
2026-07-13T16:32:33.809Z [INFO] GET /api/docs/swagger-ui-standalone-preset.js 200 10ms
2026-07-13T16:32:33.815Z [INFO] GET /api/docs/swagger-ui-bundle.js 200 17ms
2026-07-13T16:32:33.931Z [INFO] GET /api/docs/favicon-32x32.png 200 2ms
2026-07-13T16:36:11.550Z [INFO] GET /api/docs/ 200 9ms
2026-07-13T16:36:11.576Z [INFO] GET /api/docs/swagger-ui.css 304 4ms
2026-07-13T16:36:11.577Z [INFO] GET /api/docs/swagger-ui-bundle.js 304 3ms
2026-07-13T16:36:11.580Z [INFO] GET /api/docs/swagger-ui-init.js 200 1ms
2026-07-13T16:36:11.582Z [INFO] GET /api/docs/swagger-ui-standalone-preset.js 304 3ms
2026-07-13T16:36:11.706Z [INFO] GET /api/docs/favicon-32x32.png 304 2ms
2026-07-13T16:42:56.971Z [INFO] GET /api/docs/ 304 10ms
2026-07-13T16:42:57.004Z [INFO] GET /api/docs/swagger-ui.css 304 3ms
2026-07-13T16:42:57.008Z [INFO] GET /api/docs/swagger-ui-init.js 200 2ms
2026-07-13T16:42:57.009Z [INFO] GET /api/docs/swagger-ui-bundle.js 304 7ms
2026-07-13T16:42:57.010Z [INFO] GET /api/docs/swagger-ui-standalone-preset.js 304 4ms
2026-07-13T16:42:57.120Z [INFO] GET /api/docs/favicon-32x32.png 304 1ms
2026-07-13T16:54:42.638Z [INFO] GET /api/docs/ 304 7ms
2026-07-13T16:54:42.645Z [INFO] GET /api/docs/swagger-ui-init.js 200 1ms
2026-07-13T16:54:42.647Z [INFO] GET /api/docs/swagger-ui.css 304 5ms
2026-07-13T16:54:42.649Z [INFO] GET /api/docs/swagger-ui-bundle.js 304 6ms
2026-07-13T16:54:42.650Z [INFO] GET /api/docs/swagger-ui-standalone-preset.js 304 6ms
2026-07-13T16:54:42.730Z [INFO] GET /api/docs/favicon-32x32.png 304 0ms
2026-07-13T16:55:29.025Z [INFO] POST /api/auth/register 400 32ms
2026-07-13T16:55:31.212Z [INFO] POST /api/auth/register 400 1ms
2026-07-13T16:55:35.297Z [INFO] POST /api/auth/register 400 2ms
2026-07-13T16:55:36.267Z [INFO] POST /api/auth/register 400 1ms
2026-07-13T16:56:23.254Z [INFO] GET /api/docs/ 304 1ms
2026-07-13T16:56:23.261Z [INFO] GET /api/docs/swagger-ui.css 304 2ms
2026-07-13T16:56:23.263Z [INFO] GET /api/docs/swagger-ui-init.js 304 0ms
2026-07-13T16:56:23.264Z [INFO] GET /api/docs/swagger-ui-bundle.js 304 3ms
2026-07-13T16:56:23.265Z [INFO] GET /api/docs/swagger-ui-standalone-preset.js 304 3ms
2026-07-13T16:56:23.328Z [INFO] GET /api/docs/favicon-32x32.png 304 1ms
2026-07-13T16:56:40.100Z [INFO] POST /api/auth/register 400 1ms
2026-07-13T17:00:58.778Z [INFO] POST /auth/register 404 2ms
2026-07-13T17:01:47.230Z [INFO] POST /auth/register 404 1ms
2026-07-13T17:01:50.035Z [INFO] POST /auth/register 404 1ms
2026-07-13T17:02:01.350Z [INFO] POST /auth/register 404 1ms
2026-07-13T17:02:02.313Z [INFO] POST /auth/register 404 0ms
2026-07-13T17:02:03.376Z [INFO] POST /auth/register 404 1ms
2026-07-13T17:02:19.184Z [INFO] POST /api/auth/register 400 582ms
2026-07-13T17:06:10.965Z [INFO] POST /api/auth/register 201 459ms
2026-07-13T17:06:57.415Z [INFO] POST /api/auth/login 200 366ms
2026-07-13T17:07:31.417Z [INFO] POST /api/users 404 1ms
2026-07-13T17:07:56.323Z [INFO] GET /api/users/me 200 10ms
2026-07-13T17:08:54.429Z [INFO] POST /api/complaints 201 20ms
2026-07-13T17:10:20.975Z [INFO] POST /api/events 403 3ms
2026-07-13T17:11:33.866Z [INFO] POST /api/lost-found 400 34ms
2026-07-13T17:12:24.152Z [INFO] POST /api/lost-found 201 12ms
